{"C:\\Users\\venup\\OneDrive\\Desktop\\Nodejs_Course\\nodejs_assignment\\app.js": {"path":"C:\\Users\\venup\\OneDrive\\Desktop\\Nodejs_Course\\nodejs_assignment\\app.js","statementMap":{"0":{"start":{"line":2,"column":16},"end":{"line":2,"column":34}},"1":{"start":{"line":3,"column":13},"end":{"line":3,"column":28}},"2":{"start":{"line":4,"column":15},"end":{"line":4,"column":32}},"3":{"start":{"line":5,"column":15},"end":{"line":5,"column":32}},"4":{"start":{"line":6,"column":18},"end":{"line":6,"column":40}},"5":{"start":{"line":7,"column":19},"end":{"line":7,"column":49}},"6":{"start":{"line":8,"column":19},"end":{"line":8,"column":49}},"7":{"start":{"line":9,"column":18},"end":{"line":9,"column":47}},"8":{"start":{"line":10,"column":21},"end":{"line":10,"column":45}},"9":{"start":{"line":16,"column":12},"end":{"line":16,"column":21}},"10":{"start":{"line":17,"column":0},"end":{"line":17,"column":24}},"11":{"start":{"line":18,"column":0},"end":{"line":18,"column":16}},"12":{"start":{"line":21,"column":16},"end":{"line":45,"column":3}},"13":{"start":{"line":47,"column":22},"end":{"line":47,"column":43}},"14":{"start":{"line":48,"column":2},"end":{"line":48,"column":70}},"15":{"start":{"line":50,"column":0},"end":{"line":50,"column":34}},"16":{"start":{"line":51,"column":0},"end":{"line":51,"column":33}},"17":{"start":{"line":53,"column":0},"end":{"line":53,"column":21}}},"fnMap":{},"branchMap":{},"s":{"0":2,"1":2,"2":2,"3":2,"4":2,"5":2,"6":2,"7":2,"8":2,"9":2,"10":2,"11":2,"12":2,"13":2,"14":2,"15":2,"16":2,"17":2},"f":{},"b":{},"_coverageSchema":"1a1c01bbd47fc00a2c39e90264f33305004495a9","hash":"0c4d098bd70bed8975662b86f204201f2ebc18b4"}
,"C:\\Users\\venup\\OneDrive\\Desktop\\Nodejs_Course\\nodejs_assignment\\config\\db.js": {"path":"C:\\Users\\venup\\OneDrive\\Desktop\\Nodejs_Course\\nodejs_assignment\\config\\db.js","statementMap":{"0":{"start":{"line":2,"column":17},"end":{"line":2,"column":36}},"1":{"start":{"line":4,"column":18},"end":{"line":12,"column":1}},"2":{"start":{"line":5,"column":2},"end":{"line":11,"column":3}},"3":{"start":{"line":6,"column":4},"end":{"line":6,"column":50}},"4":{"start":{"line":7,"column":4},"end":{"line":7,"column":39}},"5":{"start":{"line":9,"column":4},"end":{"line":9,"column":62}},"6":{"start":{"line":10,"column":4},"end":{"line":10,"column":20}},"7":{"start":{"line":14,"column":0},"end":{"line":14,"column":27}}},"fnMap":{"0":{"name":"(anonymous_0)","decl":{"start":{"line":4,"column":18},"end":{"line":4,"column":19}},"loc":{"start":{"line":4,"column":30},"end":{"line":12,"column":1}},"line":4}},"branchMap":{},"s":{"0":2,"1":2,"2":0,"3":0,"4":0,"5":0,"6":0,"7":2},"f":{"0":0},"b":{},"_coverageSchema":"1a1c01bbd47fc00a2c39e90264f33305004495a9","hash":"4b8d4c50ca3dc12980b321f6c0ddcb0d30cc816d"}
,"C:\\Users\\venup\\OneDrive\\Desktop\\Nodejs_Course\\nodejs_assignment\\controllers\\authController.js": {"path":"C:\\Users\\venup\\OneDrive\\Desktop\\Nodejs_Course\\nodejs_assignment\\controllers\\authController.js","statementMap":{"0":{"start":{"line":2,"column":12},"end":{"line":2,"column":35}},"1":{"start":{"line":3,"column":13},"end":{"line":3,"column":38}},"2":{"start":{"line":5,"column":22},"end":{"line":9,"column":1}},"3":{"start":{"line":6,"column":2},"end":{"line":8,"column":5}},"4":{"start":{"line":11,"column":0},"end":{"line":26,"column":2}},"5":{"start":{"line":12,"column":33},"end":{"line":12,"column":41}},"6":{"start":{"line":13,"column":2},"end":{"line":25,"column":3}},"7":{"start":{"line":14,"column":23},"end":{"line":14,"column":55}},"8":{"start":{"line":15,"column":4},"end":{"line":15,"column":84}},"9":{"start":{"line":15,"column":20},"end":{"line":15,"column":84}},"10":{"start":{"line":17,"column":17},"end":{"line":17,"column":58}},"11":{"start":{"line":18,"column":4},"end":{"line":22,"column":7}},"12":{"start":{"line":24,"column":4},"end":{"line":24,"column":84}},"13":{"start":{"line":28,"column":0},"end":{"line":43,"column":2}},"14":{"start":{"line":29,"column":33},"end":{"line":29,"column":41}},"15":{"start":{"line":30,"column":2},"end":{"line":42,"column":3}},"16":{"start":{"line":31,"column":17},"end":{"line":31,"column":49}},"17":{"start":{"line":32,"column":4},"end":{"line":33,"column":70}},"18":{"start":{"line":33,"column":6},"end":{"line":33,"column":70}},"19":{"start":{"line":35,"column":4},"end":{"line":39,"column":7}},"20":{"start":{"line":41,"column":4},"end":{"line":41,"column":74}}},"fnMap":{"0":{"name":"(anonymous_0)","decl":{"start":{"line":5,"column":22},"end":{"line":5,"column":23}},"loc":{"start":{"line":5,"column":34},"end":{"line":9,"column":1}},"line":5},"1":{"name":"(anonymous_1)","decl":{"start":{"line":11,"column":19},"end":{"line":11,"column":20}},"loc":{"start":{"line":11,"column":39},"end":{"line":26,"column":1}},"line":11},"2":{"name":"(anonymous_2)","decl":{"start":{"line":28,"column":16},"end":{"line":28,"column":17}},"loc":{"start":{"line":28,"column":36},"end":{"line":43,"column":1}},"line":28}},"branchMap":{"0":{"loc":{"start":{"line":15,"column":4},"end":{"line":15,"column":84}},"type":"if","locations":[{"start":{"line":15,"column":4},"end":{"line":15,"column":84}},{"start":{},"end":{}}],"line":15},"1":{"loc":{"start":{"line":32,"column":4},"end":{"line":33,"column":70}},"type":"if","locations":[{"start":{"line":32,"column":4},"end":{"line":33,"column":70}},{"start":{},"end":{}}],"line":32},"2":{"loc":{"start":{"line":32,"column":8},"end":{"line":32,"column":54}},"type":"binary-expr","locations":[{"start":{"line":32,"column":8},"end":{"line":32,"column":13}},{"start":{"line":32,"column":17},"end":{"line":32,"column":54}}],"line":32}},"s":{"0":2,"1":2,"2":2,"3":2,"4":2,"5":3,"6":3,"7":3,"8":3,"9":1,"10":2,"11":1,"12":1,"13":2,"14":4,"15":4,"16":4,"17":3,"18":2,"19":1,"20":1},"f":{"0":2,"1":3,"2":4},"b":{"0":[1,2],"1":[2,1],"2":[3,2]},"_coverageSchema":"1a1c01bbd47fc00a2c39e90264f33305004495a9","hash":"2c3cef77245f5f07b31ec86ac5405e8fbf73e920"}
,"C:\\Users\\venup\\OneDrive\\Desktop\\Nodejs_Course\\nodejs_assignment\\controllers\\taskController.js": {"path":"C:\\Users\\venup\\OneDrive\\Desktop\\Nodejs_Course\\nodejs_assignment\\controllers\\taskController.js","statementMap":{"0":{"start":{"line":1,"column":13},"end":{"line":1,"column":38}},"1":{"start":{"line":2,"column":35},"end":{"line":2,"column":63}},"2":{"start":{"line":5,"column":0},"end":{"line":12,"column":2}},"3":{"start":{"line":6,"column":2},"end":{"line":11,"column":3}},"4":{"start":{"line":7,"column":18},"end":{"line":7,"column":59}},"5":{"start":{"line":8,"column":4},"end":{"line":8,"column":32}},"6":{"start":{"line":10,"column":4},"end":{"line":10,"column":52}},"7":{"start":{"line":15,"column":0},"end":{"line":36,"column":2}},"8":{"start":{"line":22,"column":19},"end":{"line":22,"column":40}},"9":{"start":{"line":23,"column":4},"end":{"line":25,"column":5}},"10":{"start":{"line":24,"column":6},"end":{"line":24,"column":62}},"11":{"start":{"line":27,"column":4},"end":{"line":34,"column":5}},"12":{"start":{"line":28,"column":45},"end":{"line":28,"column":53}},"13":{"start":{"line":29,"column":19},"end":{"line":29,"column":59}},"14":{"start":{"line":30,"column":6},"end":{"line":30,"column":24}},"15":{"start":{"line":31,"column":6},"end":{"line":31,"column":33}},"16":{"start":{"line":33,"column":6},"end":{"line":33,"column":54}},"17":{"start":{"line":39,"column":0},"end":{"line":55,"column":2}},"18":{"start":{"line":40,"column":2},"end":{"line":54,"column":3}},"19":{"start":{"line":41,"column":24},"end":{"line":45,"column":5}},"20":{"start":{"line":47,"column":4},"end":{"line":49,"column":5}},"21":{"start":{"line":48,"column":6},"end":{"line":48,"column":65}},"22":{"start":{"line":51,"column":4},"end":{"line":51,"column":38}},"23":{"start":{"line":53,"column":4},"end":{"line":53,"column":52}},"24":{"start":{"line":58,"column":0},"end":{"line":70,"column":2}},"25":{"start":{"line":59,"column":2},"end":{"line":69,"column":3}},"26":{"start":{"line":60,"column":24},"end":{"line":60,"column":67}},"27":{"start":{"line":62,"column":4},"end":{"line":64,"column":5}},"28":{"start":{"line":63,"column":6},"end":{"line":63,"column":65}},"29":{"start":{"line":66,"column":4},"end":{"line":66,"column":54}},"30":{"start":{"line":68,"column":4},"end":{"line":68,"column":52}}},"fnMap":{"0":{"name":"(anonymous_0)","decl":{"start":{"line":5,"column":22},"end":{"line":5,"column":23}},"loc":{"start":{"line":5,"column":42},"end":{"line":12,"column":1}},"line":5},"1":{"name":"(anonymous_1)","decl":{"start":{"line":21,"column":2},"end":{"line":21,"column":3}},"loc":{"start":{"line":21,"column":22},"end":{"line":35,"column":3}},"line":21},"2":{"name":"(anonymous_2)","decl":{"start":{"line":39,"column":21},"end":{"line":39,"column":22}},"loc":{"start":{"line":39,"column":41},"end":{"line":55,"column":1}},"line":39},"3":{"name":"(anonymous_3)","decl":{"start":{"line":58,"column":21},"end":{"line":58,"column":22}},"loc":{"start":{"line":58,"column":41},"end":{"line":70,"column":1}},"line":58}},"branchMap":{"0":{"loc":{"start":{"line":23,"column":4},"end":{"line":25,"column":5}},"type":"if","locations":[{"start":{"line":23,"column":4},"end":{"line":25,"column":5}},{"start":{},"end":{}}],"line":23},"1":{"loc":{"start":{"line":47,"column":4},"end":{"line":49,"column":5}},"type":"if","locations":[{"start":{"line":47,"column":4},"end":{"line":49,"column":5}},{"start":{},"end":{}}],"line":47},"2":{"loc":{"start":{"line":62,"column":4},"end":{"line":64,"column":5}},"type":"if","locations":[{"start":{"line":62,"column":4},"end":{"line":64,"column":5}},{"start":{},"end":{}}],"line":62}},"s":{"0":2,"1":2,"2":2,"3":2,"4":2,"5":2,"6":0,"7":2,"8":3,"9":3,"10":2,"11":1,"12":1,"13":1,"14":1,"15":1,"16":0,"17":2,"18":3,"19":3,"20":3,"21":1,"22":2,"23":0,"24":2,"25":3,"26":3,"27":3,"28":2,"29":1,"30":0},"f":{"0":2,"1":3,"2":3,"3":3},"b":{"0":[2,1],"1":[1,2],"2":[2,1]},"_coverageSchema":"1a1c01bbd47fc00a2c39e90264f33305004495a9","hash":"e843ddf430690e24c9fbf691345c91983037ea78"}
,"C:\\Users\\venup\\OneDrive\\Desktop\\Nodejs_Course\\nodejs_assignment\\middleware\\authMiddleware.js": {"path":"C:\\Users\\venup\\OneDrive\\Desktop\\Nodejs_Course\\nodejs_assignment\\middleware\\authMiddleware.js","statementMap":{"0":{"start":{"line":2,"column":12},"end":{"line":2,"column":35}},"1":{"start":{"line":3,"column":13},"end":{"line":3,"column":38}},"2":{"start":{"line":5,"column":16},"end":{"line":18,"column":1}},"3":{"start":{"line":6,"column":21},"end":{"line":6,"column":46}},"4":{"start":{"line":7,"column":2},"end":{"line":8,"column":80}},"5":{"start":{"line":8,"column":4},"end":{"line":8,"column":80}},"6":{"start":{"line":10,"column":2},"end":{"line":17,"column":3}},"7":{"start":{"line":11,"column":18},"end":{"line":11,"column":42}},"8":{"start":{"line":12,"column":20},"end":{"line":12,"column":61}},"9":{"start":{"line":13,"column":4},"end":{"line":13,"column":67}},"10":{"start":{"line":14,"column":4},"end":{"line":14,"column":11}},"11":{"start":{"line":16,"column":4},"end":{"line":16,"column":55}},"12":{"start":{"line":20,"column":0},"end":{"line":20,"column":25}}},"fnMap":{"0":{"name":"(anonymous_0)","decl":{"start":{"line":5,"column":16},"end":{"line":5,"column":17}},"loc":{"start":{"line":5,"column":42},"end":{"line":18,"column":1}},"line":5}},"branchMap":{"0":{"loc":{"start":{"line":7,"column":2},"end":{"line":8,"column":80}},"type":"if","locations":[{"start":{"line":7,"column":2},"end":{"line":8,"column":80}},{"start":{},"end":{}}],"line":7},"1":{"loc":{"start":{"line":7,"column":6},"end":{"line":7,"column":54}},"type":"binary-expr","locations":[{"start":{"line":7,"column":6},"end":{"line":7,"column":17}},{"start":{"line":7,"column":21},"end":{"line":7,"column":54}}],"line":7}},"s":{"0":2,"1":2,"2":2,"3":3,"4":3,"5":1,"6":2,"7":2,"8":2,"9":1,"10":1,"11":1,"12":2},"f":{"0":3},"b":{"0":[1,2],"1":[3,2]},"_coverageSchema":"1a1c01bbd47fc00a2c39e90264f33305004495a9","hash":"cd9e6d25c0fd701d17e3d28d58cc016c4bb165f4"}
,"C:\\Users\\venup\\OneDrive\\Desktop\\Nodejs_Course\\nodejs_assignment\\models\\Task.js": {"path":"C:\\Users\\venup\\OneDrive\\Desktop\\Nodejs_Course\\nodejs_assignment\\models\\Task.js","statementMap":{"0":{"start":{"line":2,"column":17},"end":{"line":2,"column":36}},"1":{"start":{"line":4,"column":19},"end":{"line":12,"column":24}},"2":{"start":{"line":14,"column":0},"end":{"line":14,"column":52}}},"fnMap":{},"branchMap":{},"s":{"0":2,"1":2,"2":2},"f":{},"b":{},"_coverageSchema":"1a1c01bbd47fc00a2c39e90264f33305004495a9","hash":"b37b32509155e895aaa8fb7511ff89272733ceb0"}
,"C:\\Users\\venup\\OneDrive\\Desktop\\Nodejs_Course\\nodejs_assignment\\models\\User.js": {"path":"C:\\Users\\venup\\OneDrive\\Desktop\\Nodejs_Course\\nodejs_assignment\\models\\User.js","statementMap":{"0":{"start":{"line":2,"column":17},"end":{"line":2,"column":36}},"1":{"start":{"line":3,"column":15},"end":{"line":3,"column":34}},"2":{"start":{"line":5,"column":19},"end":{"line":16,"column":2}},"3":{"start":{"line":19,"column":0},"end":{"line":24,"column":3}},"4":{"start":{"line":20,"column":2},"end":{"line":20,"column":50}},"5":{"start":{"line":20,"column":36},"end":{"line":20,"column":50}},"6":{"start":{"line":21,"column":15},"end":{"line":21,"column":39}},"7":{"start":{"line":22,"column":2},"end":{"line":22,"column":57}},"8":{"start":{"line":23,"column":2},"end":{"line":23,"column":9}},"9":{"start":{"line":27,"column":0},"end":{"line":29,"column":2}},"10":{"start":{"line":28,"column":2},"end":{"line":28,"column":56}},"11":{"start":{"line":31,"column":0},"end":{"line":31,"column":52}}},"fnMap":{"0":{"name":"(anonymous_0)","decl":{"start":{"line":19,"column":23},"end":{"line":19,"column":24}},"loc":{"start":{"line":19,"column":45},"end":{"line":24,"column":1}},"line":19},"1":{"name":"(anonymous_1)","decl":{"start":{"line":27,"column":35},"end":{"line":27,"column":36}},"loc":{"start":{"line":27,"column":62},"end":{"line":29,"column":1}},"line":27}},"branchMap":{"0":{"loc":{"start":{"line":20,"column":2},"end":{"line":20,"column":50}},"type":"if","locations":[{"start":{"line":20,"column":2},"end":{"line":20,"column":50}},{"start":{},"end":{}}],"line":20}},"s":{"0":3,"1":3,"2":3,"3":3,"4":0,"5":0,"6":0,"7":0,"8":0,"9":3,"10":0,"11":3},"f":{"0":0,"1":0},"b":{"0":[0,0]},"_coverageSchema":"1a1c01bbd47fc00a2c39e90264f33305004495a9","hash":"c69244b976a2cd973232c5c130462b270ef6b328"}
,"C:\\Users\\venup\\OneDrive\\Desktop\\Nodejs_Course\\nodejs_assignment\\routes\\authRoutes.js": {"path":"C:\\Users\\venup\\OneDrive\\Desktop\\Nodejs_Course\\nodejs_assignment\\routes\\authRoutes.js","statementMap":{"0":{"start":{"line":2,"column":16},"end":{"line":2,"column":34}},"1":{"start":{"line":3,"column":28},"end":{"line":3,"column":68}},"2":{"start":{"line":5,"column":15},"end":{"line":5,"column":31}},"3":{"start":{"line":27,"column":0},"end":{"line":27,"column":35}},"4":{"start":{"line":49,"column":0},"end":{"line":49,"column":29}},"5":{"start":{"line":51,"column":0},"end":{"line":51,"column":24}}},"fnMap":{},"branchMap":{},"s":{"0":2,"1":2,"2":2,"3":2,"4":2,"5":2},"f":{},"b":{},"_coverageSchema":"1a1c01bbd47fc00a2c39e90264f33305004495a9","hash":"8432ba015dcb1c2dbc310eddf3220212c666708d"}
,"C:\\Users\\venup\\OneDrive\\Desktop\\Nodejs_Course\\nodejs_assignment\\routes\\taskRoutes.js": {"path":"C:\\Users\\venup\\OneDrive\\Desktop\\Nodejs_Course\\nodejs_assignment\\routes\\taskRoutes.js","statementMap":{"0":{"start":{"line":1,"column":16},"end":{"line":1,"column":34}},"1":{"start":{"line":2,"column":17},"end":{"line":2,"column":45}},"2":{"start":{"line":3,"column":15},"end":{"line":3,"column":31}},"3":{"start":{"line":5,"column":23},"end":{"line":5,"column":63}},"4":{"start":{"line":6,"column":16},"end":{"line":6,"column":55}},"5":{"start":{"line":21,"column":0},"end":{"line":21,"column":53}},"6":{"start":{"line":44,"column":0},"end":{"line":44,"column":112}},"7":{"start":{"line":74,"column":0},"end":{"line":74,"column":55}},"8":{"start":{"line":95,"column":0},"end":{"line":95,"column":58}},"9":{"start":{"line":97,"column":0},"end":{"line":97,"column":24}}},"fnMap":{},"branchMap":{},"s":{"0":2,"1":2,"2":2,"3":2,"4":2,"5":2,"6":2,"7":2,"8":2,"9":2},"f":{},"b":{},"_coverageSchema":"1a1c01bbd47fc00a2c39e90264f33305004495a9","hash":"69a54bd564c5f4078407cb9b99e1230426c15b93"}
}
